<?xml version="1.0" encoding="UTF-8"?>
<testsuite xmlns:xsi="http://www.w3.org/2001/XMLSchema-instance" xsi:noNamespaceSchemaLocation="https://maven.apache.org/surefire/maven-surefire-plugin/xsd/surefire-test-report.xsd" name="spintax4j.ContentSpinnerTest" time="0.502" tests="4" errors="0" skipped="0" failures="0">
  <properties>
    <property name="java.specification.version" value="17"/>
    <property name="sun.jnu.encoding" value="UTF-8"/>
    <property name="java.class.path" value="/home/gregb/Documents/Projects/spintax4j/target/test-classes:/home/gregb/Documents/Projects/spintax4j/target/classes:/home/gregb/.m2/repository/org/junit/jupiter/junit-jupiter-api/5.10.1/junit-jupiter-api-5.10.1.jar:/home/gregb/.m2/repository/org/opentest4j/opentest4j/1.3.0/opentest4j-1.3.0.jar:/home/gregb/.m2/repository/org/junit/platform/junit-platform-commons/1.10.1/junit-platform-commons-1.10.1.jar:/home/gregb/.m2/repository/org/apiguardian/apiguardian-api/1.1.2/apiguardian-api-1.1.2.jar:/home/gregb/.m2/repository/org/apache/logging/log4j/log4j-core/2.22.1/log4j-core-2.22.1.jar:/home/gregb/.m2/repository/org/apache/logging/log4j/log4j-api/2.22.1/log4j-api-2.22.1.jar:"/>
    <property name="java.vm.vendor" value="Red Hat, Inc."/>
    <property name="sun.arch.data.model" value="64"/>
    <property name="java.vendor.url" value="https://www.redhat.com/"/>
    <property name="os.name" value="Linux"/>
    <property name="java.vm.specification.version" value="17"/>
    <property name="sun.java.launcher" value="SUN_STANDARD"/>
    <property name="user.country" value="US"/>
    <property name="sun.boot.library.path" value="/usr/lib/jvm/java-17-openjdk-17.0.9.0.9-3.fc39.x86_64/lib"/>
    <property name="sun.java.command" value="/home/gregb/Documents/Projects/spintax4j/target/surefire/surefirebooter1941252588462519169.jar /home/gregb/Documents/Projects/spintax4j/target/surefire 2024-03-18T19-05-17_281-jvmRun1 surefire7907515363606577183tmp surefire_012119577669567969359tmp"/>
    <property name="jdk.debug" value="release"/>
    <property name="surefire.test.class.path" value="/home/gregb/Documents/Projects/spintax4j/target/test-classes:/home/gregb/Documents/Projects/spintax4j/target/classes:/home/gregb/.m2/repository/org/junit/jupiter/junit-jupiter-api/5.10.1/junit-jupiter-api-5.10.1.jar:/home/gregb/.m2/repository/org/opentest4j/opentest4j/1.3.0/opentest4j-1.3.0.jar:/home/gregb/.m2/repository/org/junit/platform/junit-platform-commons/1.10.1/junit-platform-commons-1.10.1.jar:/home/gregb/.m2/repository/org/apiguardian/apiguardian-api/1.1.2/apiguardian-api-1.1.2.jar:/home/gregb/.m2/repository/org/apache/logging/log4j/log4j-core/2.22.1/log4j-core-2.22.1.jar:/home/gregb/.m2/repository/org/apache/logging/log4j/log4j-api/2.22.1/log4j-api-2.22.1.jar:"/>
    <property name="sun.cpu.endian" value="little"/>
    <property name="user.home" value="/home/gregb"/>
    <property name="user.language" value="en"/>
    <property name="java.specification.vendor" value="Oracle Corporation"/>
    <property name="java.version.date" value="2023-10-17"/>
    <property name="java.home" value="/usr/lib/jvm/java-17-openjdk-17.0.9.0.9-3.fc39.x86_64"/>
    <property name="file.separator" value="/"/>
    <property name="basedir" value="/home/gregb/Documents/Projects/spintax4j"/>
    <property name="java.vm.compressedOopsMode" value="32-bit"/>
    <property name="line.separator" value="&#10;"/>
    <property name="java.vm.specification.vendor" value="Oracle Corporation"/>
    <property name="java.specification.name" value="Java Platform API Specification"/>
    <property name="surefire.real.class.path" value="/home/gregb/Documents/Projects/spintax4j/target/surefire/surefirebooter1941252588462519169.jar"/>
    <property name="sun.management.compiler" value="HotSpot 64-Bit Tiered Compilers"/>
    <property name="java.runtime.version" value="17.0.9+9"/>
    <property name="user.name" value="gregb"/>
    <property name="path.separator" value=":"/>
    <property name="os.version" value="6.7.7-200.fc39.x86_64"/>
    <property name="java.runtime.name" value="OpenJDK Runtime Environment"/>
    <property name="file.encoding" value="UTF-8"/>
    <property name="java.vm.name" value="OpenJDK 64-Bit Server VM"/>
    <property name="java.vendor.version" value="(Red_Hat-17.0.9.0.9-4)"/>
    <property name="localRepository" value="/home/gregb/.m2/repository"/>
    <property name="java.vendor.url.bug" value="https://bugzilla.redhat.com/enter_bug.cgi?product=Fedora&amp;component=java-17-openjdk&amp;version=38"/>
    <property name="java.io.tmpdir" value="/tmp"/>
    <property name="java.version" value="17.0.9"/>
    <property name="user.dir" value="/home/gregb/Documents/Projects/spintax4j"/>
    <property name="os.arch" value="amd64"/>
    <property name="java.vm.specification.name" value="Java Virtual Machine Specification"/>
    <property name="native.encoding" value="UTF-8"/>
    <property name="java.library.path" value="/usr/java/packages/lib:/usr/lib64:/lib64:/lib:/usr/lib"/>
    <property name="java.vm.info" value="mixed mode, sharing"/>
    <property name="java.vendor" value="Red Hat, Inc."/>
    <property name="java.vm.version" value="17.0.9+9"/>
    <property name="sun.io.unicode.encoding" value="UnicodeLittle"/>
    <property name="java.class.version" value="61.0"/>
  </properties>
  <testcase name="spintax4j.ContentSpinnerTest.testInvalidSpintaxThrowsIllegalArgument" classname="spintax4j.ContentSpinnerTest" time="0.482"/>
  <testcase name="spintax4j.ContentSpinnerTest.testSpinningWithoutSpintaxReturnsSameString" classname="spintax4j.ContentSpinnerTest" time="0.008"/>
  <testcase name="spintax4j.ContentSpinnerTest.testSpinningResultsInExpectedString" classname="spintax4j.ContentSpinnerTest" time="0.002"/>
  <testcase name="spintax4j.ContentSpinnerTest.testNestedSpinningResultsInExpectedString" classname="spintax4j.ContentSpinnerTest" time="0.005"/>
</testsuite>